<?xml version="1.0" encoding="UTF-8"?>
<!-- Generated by org.testng.reporters.JUnitXMLReporter -->
<testsuite ignored="1" hostname="Karthiks-MacBook-Pro.local" failures="0" tests="3" name="Login Test" time="20.22" errors="0" timestamp="2020-11-25T09:19:58 GMT">
  <testcase classname="com.autopractice.tests.LoginTest" name="@BeforeMethod init" time="6.539">
    <failure type="org.openqa.selenium.NoSuchElementException" message="no such element: Unable to locate element: {&amp;quot;method&amp;quot;:&amp;quot;xpath&amp;quot;,&amp;quot;selector&amp;quot;:&amp;quot;//a[@class=&amp;apos;login&amp;apos;]&amp;quot;}
  (Session info: chrome=87.0.4280.67)
For documentation on this error, please visit: https://www.seleniumhq.org/exceptions/no_such_element.html
Build info: version: &amp;apos;3.141.59&amp;apos;, revision: &amp;apos;e82be7d358&amp;apos;, time: &amp;apos;2018-11-14T08:17:03&amp;apos;
System info: host: &amp;apos;Karthiks-MacBook-Pro.local&amp;apos;, ip: &amp;apos;fe80:0:0:0:1c68:445b:9d94:fed1%en0&amp;apos;, os.name: &amp;apos;Mac OS X&amp;apos;, os.arch: &amp;apos;x86_64&amp;apos;, os.version: &amp;apos;10.16&amp;apos;, java.version: &amp;apos;14.0.2&amp;apos;
Driver info: org.openqa.selenium.remote.RemoteWebDriver
Capabilities {acceptInsecureCerts: false, browserName: chrome, browserVersion: 87.0.4280.67, chrome: {chromedriverVersion: 86.0.4240.22 (398b0743353ff..., userDataDir: /var/folders/sb/ng38vb9d25d...}, goog:chromeOptions: {debuggerAddress: localhost:57615}, javascriptEnabled: true, networkConnectionEnabled: false, pageLoadStrategy: normal, platform: MAC, platformName: MAC, proxy: Proxy(), setWindowRect: true, strictFileInteractability: false, timeouts: {implicit: 0, pageLoad: 300000, script: 30000}, unhandledPromptBehavior: dismiss and notify, webauthn:virtualAuthenticators: true, webdriver.remote.sessionid: 9aaf906db71065a5a03a454e29f...}
Session ID: 9aaf906db71065a5a03a454e29f7274e
*** Element info: {Using=xpath, value=//a[@class=&amp;apos;login&amp;apos;]}">
      <![CDATA[org.openqa.selenium.NoSuchElementException: no such element: Unable to locate element: {"method":"xpath","selector":"//a[@class='login']"}
  (Session info: chrome=87.0.4280.67)
For documentation on this error, please visit: https://www.seleniumhq.org/exceptions/no_such_element.html
Build info: version: '3.141.59', revision: 'e82be7d358', time: '2018-11-14T08:17:03'
System info: host: 'Karthiks-MacBook-Pro.local', ip: 'fe80:0:0:0:1c68:445b:9d94:fed1%en0', os.name: 'Mac OS X', os.arch: 'x86_64', os.version: '10.16', java.version: '14.0.2'
Driver info: org.openqa.selenium.remote.RemoteWebDriver
Capabilities {acceptInsecureCerts: false, browserName: chrome, browserVersion: 87.0.4280.67, chrome: {chromedriverVersion: 86.0.4240.22 (398b0743353ff..., userDataDir: /var/folders/sb/ng38vb9d25d...}, goog:chromeOptions: {debuggerAddress: localhost:57615}, javascriptEnabled: true, networkConnectionEnabled: false, pageLoadStrategy: normal, platform: MAC, platformName: MAC, proxy: Proxy(), setWindowRect: true, strictFileInteractability: false, timeouts: {implicit: 0, pageLoad: 300000, script: 30000}, unhandledPromptBehavior: dismiss and notify, webauthn:virtualAuthenticators: true, webdriver.remote.sessionid: 9aaf906db71065a5a03a454e29f...}
Session ID: 9aaf906db71065a5a03a454e29f7274e
*** Element info: {Using=xpath, value=//a[@class='login']}
at org.openqa.selenium.remote.http.W3CHttpResponseCodec.createException(W3CHttpResponseCodec.java:187)
at org.openqa.selenium.remote.http.W3CHttpResponseCodec.decode(W3CHttpResponseCodec.java:122)
at org.openqa.selenium.remote.http.W3CHttpResponseCodec.decode(W3CHttpResponseCodec.java:49)
at org.openqa.selenium.remote.HttpCommandExecutor.execute(HttpCommandExecutor.java:158)
at org.openqa.selenium.remote.RemoteWebDriver.execute(RemoteWebDriver.java:552)
at org.openqa.selenium.remote.RemoteWebDriver.findElement(RemoteWebDriver.java:323)
at org.openqa.selenium.remote.RemoteWebDriver.findElementByXPath(RemoteWebDriver.java:428)
at org.openqa.selenium.By$ByXPath.findElement(By.java:353)
at org.openqa.selenium.remote.RemoteWebDriver.findElement(RemoteWebDriver.java:315)
at org.openqa.selenium.support.pagefactory.DefaultElementLocator.findElement(DefaultElementLocator.java:69)
at org.openqa.selenium.support.pagefactory.internal.LocatingElementHandler.invoke(LocatingElementHandler.java:38)
at com.sun.proxy.$Proxy15.click(Unknown Source)
at com.autopractice.pages.LandingHomePage.nav_LoginPage(LandingHomePage.java:20)
at com.autopractice.tests.LoginTest.init(LoginTest.java:28)
at java.base/java.util.ArrayList.forEach(ArrayList.java:1511)
... Removed 36 stack frames]]>
    </failure>
  </testcase> <!-- @BeforeMethod init -->
  <testcase classname="com.autopractice.tests.LoginTest" name="@BeforeMethod init" time="-1.606295993065E9">
    <skipped/>
  </testcase> <!-- @BeforeMethod init -->
  <testcase classname="com.autopractice.tests.LoginTest" name="testLoginWithValidCredentials" time="4.539"/>
  <testcase classname="com.autopractice.tests.LoginTest" name="testLoginPageWithInvalidCredentials" time="0.0">
    <skipped/>
  </testcase> <!-- testLoginPageWithInvalidCredentials -->
  <testcase classname="com.autopractice.tests.LoginTest" name="testLoginPageWithEmptyCredentials" time="0.0">
    <skipped/>
  </testcase> <!-- testLoginPageWithEmptyCredentials -->
  <testcase classname="com.autopractice.tests.LoginTest" name="testNavigateToRegisterPage" time="0.0">
    <ignored/>
  </testcase> <!-- testNavigateToRegisterPage -->
</testsuite> <!-- Login Test -->
